<?xml version="1.0" encoding="utf-8"?><testsuites name="pytest tests"><testsuite name="pytest" errors="0" failures="0" skipped="0" tests="12" time="2.461" timestamp="2026-04-15T18:16:37.839981+00:00" hostname="agent-env-90a2b502-9327-41e6-b330-a226cbe966ae"><testcase classname="tests.test_airports.TestAirports" name="test_get_airports" time="0.160" /><testcase classname="tests.test_auth.TestAuth" name="test_register_new_user" time="0.283" /><testcase classname="tests.test_auth.TestAuth" name="test_login_admin" time="0.276" /><testcase classname="tests.test_auth.TestAuth" name="test_login_invalid_credentials" time="0.055" /><testcase classname="tests.test_auth.TestAuth" name="test_get_current_user" time="0.343" /><testcase classname="tests.test_auth.TestAuth" name="test_get_current_user_no_token" time="0.131" /><testcase classname="tests.test_health.TestHealth" name="test_health_check" time="0.055" /><testcase classname="tests.test_payments.TestPayments" name="test_create_checkout_session" time="0.715" /><testcase classname="tests.test_payments.TestPayments" name="test_create_checkout_no_auth" time="0.127" /><testcase classname="tests.test_rides.TestRides" name="test_create_ride" time="0.104" /><testcase classname="tests.test_rides.TestRides" name="test_create_ride_no_auth" time="0.117" /><testcase classname="tests.test_rides.TestRides" name="test_get_my_rides" time="0.051" /></testsuite></testsuites>